<?xml version="1.0" encoding="UTF-8"?>
<!-- Generated by org.testng.reporters.JUnitXMLReporter -->
<testsuite ignored="0" hostname="MacBookPro" failures="6" tests="6" name="Test" time="21.054" errors="0" timestamp="2025-05-08T11:53:36 EDT">
  <testcase classname="io.cucumber.testng.AbstractTestNGCucumberTests" name="runScenario" time="6.008">
    <failure type="java.lang.NullPointerException" message="Cannot invoke &amp;quot;org.openqa.selenium.SearchContext.findElement(org.openqa.selenium.By)&amp;quot; because &amp;quot;this.searchContext&amp;quot; is null">
      <![CDATA[java.lang.NullPointerException: Cannot invoke "org.openqa.selenium.SearchContext.findElement(org.openqa.selenium.By)" because "this.searchContext" is null
at org.openqa.selenium.support.pagefactory.DefaultElementLocator.findElement(DefaultElementLocator.java:68)
at org.openqa.selenium.support.pagefactory.internal.LocatingElementHandler.invoke(LocatingElementHandler.java:38)
at jdk.proxy2/jdk.proxy2.$Proxy24.clear(Unknown Source)
at PageObject.LoginPage.enterEmail(LoginPage.java:36)
at StepDefinition.StepDef.user_enters_email_as_and_password_as(StepDef.java:98)
at ✽.User enters Email as "admin@yourstore.com" and Password as "admin"(file:///Users/iamramkdas/eclipse-workspace/Cucumber_Framework/Features/Customers.feature:7)
]]>
    </failure>
  </testcase> <!-- runScenario -->
  <testcase classname="io.cucumber.testng.AbstractTestNGCucumberTests" name="runScenario" time="2.723">
    <failure type="java.lang.AssertionError">
      <![CDATA[java.lang.AssertionError: 
at StepDefinition.StepDef.user_can_view_dashboard(StepDef.java:186)
at ✽.User can view Dashboard(file:///Users/iamramkdas/eclipse-workspace/Cucumber_Framework/Features/Customers.feature:9)
... Removed 3 stack frames]]>
    </failure>
  </testcase> <!-- runScenario -->
  <testcase classname="io.cucumber.testng.AbstractTestNGCucumberTests" name="runScenario" time="2.697">
    <failure type="java.lang.AssertionError">
      <![CDATA[java.lang.AssertionError: 
at StepDefinition.StepDef.user_can_view_dashboard(StepDef.java:186)
at ✽.User can view Dashboard(file:///Users/iamramkdas/eclipse-workspace/Cucumber_Framework/Features/Customers.feature:9)
... Removed 3 stack frames]]>
    </failure>
  </testcase> <!-- runScenario -->
  <testcase classname="io.cucumber.testng.AbstractTestNGCucumberTests" name="runScenario" time="2.775">
    <failure type="java.lang.AssertionError">
      <![CDATA[java.lang.AssertionError: 
at StepDefinition.StepDef.page_title_should_be(StepDef.java:130)
at ✽.Page Title should be "Dashboard / nopCommerce administration"(file:///Users/iamramkdas/eclipse-workspace/Cucumber_Framework/Features/LoginFeature.feature:9)
... Removed 3 stack frames]]>
    </failure>
  </testcase> <!-- runScenario -->
  <testcase classname="io.cucumber.testng.AbstractTestNGCucumberTests" name="runScenario" time="2.956">
    <failure type="java.lang.AssertionError">
      <![CDATA[java.lang.AssertionError: 
at StepDefinition.StepDef.page_title_should_be(StepDef.java:130)
at ✽.Page Title should be "Dashboard / nopCommerce administration"(file:///Users/iamramkdas/eclipse-workspace/Cucumber_Framework/Features/LoginFeature.feature:20)
... Removed 3 stack frames]]>
    </failure>
  </testcase> <!-- runScenario -->
  <testcase classname="io.cucumber.testng.AbstractTestNGCucumberTests" name="runScenario" time="3.311">
    <failure type="java.lang.AssertionError">
      <![CDATA[java.lang.AssertionError: 
at StepDefinition.StepDef.page_title_should_be(StepDef.java:130)
at ✽.Page Title should be "Dashboard / nopCommerce administration"(file:///Users/iamramkdas/eclipse-workspace/Cucumber_Framework/Features/LoginFeature.feature:20)
... Removed 3 stack frames]]>
    </failure>
  </testcase> <!-- runScenario -->
</testsuite> <!-- Test -->
