<?xml version="1.0" encoding="UTF-8"?>
<!-- Generated by org.testng.reporters.JUnitReportReporter -->
<testsuite hostname="MacBookPro" failures="5" tests="6" name="TestRunner.Run" time="20.470" errors="1" timestamp="2025-05-08T11:53:36 EDT" skipped="0">
  <testcase classname="TestRunner.Run" name="runScenario" time="2.723">
    <failure message="" type="java.lang.AssertionError">
      <![CDATA[java.lang.AssertionError: 
at org.testng.AssertJUnit.fail(AssertJUnit.java:65)
at org.testng.AssertJUnit.assertTrue(AssertJUnit.java:23)
at org.testng.AssertJUnit.assertTrue(AssertJUnit.java:33)
at StepDefinition.StepDef.user_can_view_dashboard(StepDef.java:186)
at ✽.User can view Dashboard(file:///Users/iamramkdas/eclipse-workspace/Cucumber_Framework/Features/Customers.feature:9)
]]>
    </failure>
  </testcase> <!-- runScenario -->
  <testcase classname="TestRunner.Run" name="runScenario" time="6.008">
    <error message="Cannot invoke &quot;org.openqa.selenium.SearchContext.findElement(org.openqa.selenium.By)&quot; because &quot;this.searchContext&quot; is null" type="java.lang.NullPointerException">
      <![CDATA[java.lang.NullPointerException: Cannot invoke "org.openqa.selenium.SearchContext.findElement(org.openqa.selenium.By)" because "this.searchContext" is null
at org.openqa.selenium.support.pagefactory.DefaultElementLocator.findElement(DefaultElementLocator.java:68)
at org.openqa.selenium.support.pagefactory.internal.LocatingElementHandler.invoke(LocatingElementHandler.java:38)
at jdk.proxy2/jdk.proxy2.$Proxy24.clear(Unknown Source)
at PageObject.LoginPage.enterEmail(LoginPage.java:36)
at StepDefinition.StepDef.user_enters_email_as_and_password_as(StepDef.java:98)
at ✽.User enters Email as "admin@yourstore.com" and Password as "admin"(file:///Users/iamramkdas/eclipse-workspace/Cucumber_Framework/Features/Customers.feature:7)
]]>
    </error>
  </testcase> <!-- runScenario -->
  <testcase classname="TestRunner.Run" name="runScenario" time="2.697">
    <failure message="" type="java.lang.AssertionError">
      <![CDATA[java.lang.AssertionError: 
at org.testng.AssertJUnit.fail(AssertJUnit.java:65)
at org.testng.AssertJUnit.assertTrue(AssertJUnit.java:23)
at org.testng.AssertJUnit.assertTrue(AssertJUnit.java:33)
at StepDefinition.StepDef.user_can_view_dashboard(StepDef.java:186)
at ✽.User can view Dashboard(file:///Users/iamramkdas/eclipse-workspace/Cucumber_Framework/Features/Customers.feature:9)
]]>
    </failure>
  </testcase> <!-- runScenario -->
  <testcase classname="TestRunner.Run" name="runScenario" time="2.775">
    <failure message="" type="java.lang.AssertionError">
      <![CDATA[java.lang.AssertionError: 
at org.testng.AssertJUnit.fail(AssertJUnit.java:65)
at org.testng.AssertJUnit.assertTrue(AssertJUnit.java:23)
at org.testng.AssertJUnit.assertTrue(AssertJUnit.java:33)
at StepDefinition.StepDef.page_title_should_be(StepDef.java:130)
at ✽.Page Title should be "Dashboard / nopCommerce administration"(file:///Users/iamramkdas/eclipse-workspace/Cucumber_Framework/Features/LoginFeature.feature:9)
]]>
    </failure>
  </testcase> <!-- runScenario -->
  <testcase classname="TestRunner.Run" name="runScenario" time="2.956">
    <failure message="" type="java.lang.AssertionError">
      <![CDATA[java.lang.AssertionError: 
at org.testng.AssertJUnit.fail(AssertJUnit.java:65)
at org.testng.AssertJUnit.assertTrue(AssertJUnit.java:23)
at org.testng.AssertJUnit.assertTrue(AssertJUnit.java:33)
at StepDefinition.StepDef.page_title_should_be(StepDef.java:130)
at ✽.Page Title should be "Dashboard / nopCommerce administration"(file:///Users/iamramkdas/eclipse-workspace/Cucumber_Framework/Features/LoginFeature.feature:20)
]]>
    </failure>
  </testcase> <!-- runScenario -->
  <testcase classname="TestRunner.Run" name="runScenario" time="3.311">
    <failure message="" type="java.lang.AssertionError">
      <![CDATA[java.lang.AssertionError: 
at org.testng.AssertJUnit.fail(AssertJUnit.java:65)
at org.testng.AssertJUnit.assertTrue(AssertJUnit.java:23)
at org.testng.AssertJUnit.assertTrue(AssertJUnit.java:33)
at StepDefinition.StepDef.page_title_should_be(StepDef.java:130)
at ✽.Page Title should be "Dashboard / nopCommerce administration"(file:///Users/iamramkdas/eclipse-workspace/Cucumber_Framework/Features/LoginFeature.feature:20)
]]>
    </failure>
  </testcase> <!-- runScenario -->
</testsuite> <!-- TestRunner.Run -->
